<?xml version="1.0" encoding="UTF-8"?>
<!-- Generated by org.testng.reporters.JUnitXMLReporter -->
<testsuite ignored="0" hostname="LAPTOP-477EEVIP" failures="0" tests="3" name="Default test" time="9.976" errors="0" timestamp="2026-01-13T16:11:09 IST">
  <testcase classname="web.paytm.HomepageTest" name="verifyRechage" time="2.752"/>
  <testcase classname="web.paytm.HomepageTest" name="verifyInsurancePage" time="1.914"/>
  <testcase classname="web.paytm.HomepageTest" name="payInsurancePremium" time="0.865"/>
</testsuite> <!-- Default test -->
