<?xml version="1.0" encoding="UTF-8"?>
<!-- Generated by org.testng.reporters.JUnitXMLReporter -->
<testsuite ignored="0" hostname="LAPTOP-477EEVIP" failures="0" tests="4" name="Test" time="12.376" errors="0" timestamp="2026-01-13T22:53:07 IST">
  <testcase classname="web.paytm.Bookingtest" name="flightBook" time="1.404"/>
  <testcase classname="web.paytm.HomepageTest" name="verifyRechage" time="3.859"/>
  <testcase classname="web.paytm.HomepageTest" name="verifyInsurancePage" time="1.869"/>
  <testcase classname="web.paytm.HomepageTest" name="payInsurancePremium" time="1.363"/>
</testsuite> <!-- Test -->
