<?xml version="1.0" encoding="UTF-8"?>
<testng-results ignored="0" total="1" passed="1" failed="0" skipped="0">
  <reporter-output>
  </reporter-output>
  <suite started-at="2026-01-14T14:50:02 IST" name="Default suite" finished-at="2026-01-14T14:50:15 IST" duration-ms="13243">
    <groups>
    </groups>
    <test started-at="2026-01-14T14:50:02 IST" name="Default test" finished-at="2026-01-14T14:50:15 IST" duration-ms="13243">
      <class name="web.paytm.DemoQATest">
        <test-method is-config="true" signature="setUp()[pri:0, instance:web.paytm.DemoQATest@45752059]" started-at="2026-01-14T14:50:02 IST" name="setUp" finished-at="2026-01-14T14:50:13 IST" duration-ms="11085" status="PASS">
          <reporter-output>
          </reporter-output>
        </test-method> <!-- setUp -->
        <test-method signature="verifyLinks()[pri:0, instance:web.paytm.DemoQATest@45752059]" started-at="2026-01-14T14:50:13 IST" name="verifyLinks" finished-at="2026-01-14T14:50:15 IST" duration-ms="2112" status="PASS">
          <reporter-output>
          </reporter-output>
        </test-method> <!-- verifyLinks -->
      </class> <!-- web.paytm.DemoQATest -->
    </test> <!-- Default test -->
  </suite> <!-- Default suite -->
</testng-results>
