<?xml version="1.0" encoding="UTF-8"?>
<testng-results ignored="0" total="1" passed="1" failed="0" skipped="0">
  <reporter-output>
  </reporter-output>
  <suite started-at="2026-01-13T10:32:26 IST" name="Default suite" finished-at="2026-01-13T10:32:36 IST" duration-ms="9456">
    <groups>
    </groups>
    <test started-at="2026-01-13T10:32:26 IST" name="Default test" finished-at="2026-01-13T10:32:36 IST" duration-ms="9456">
      <class name="web.paytm.Homepage">
        <test-method signature="setUp()[pri:0, instance:web.paytm.Homepage@4562e04d]" started-at="2026-01-13T10:32:26 IST" name="setUp" finished-at="2026-01-13T10:32:36 IST" duration-ms="9404" status="PASS">
          <reporter-output>
          </reporter-output>
        </test-method> <!-- setUp -->
      </class> <!-- web.paytm.Homepage -->
    </test> <!-- Default test -->
  </suite> <!-- Default suite -->
</testng-results>
