<?xml version="1.0" encoding="UTF-8"?>
<!-- Generated by org.testng.reporters.JUnitReportReporter -->
<testsuite hostname="LAPTOP-477EEVIP" failures="0" tests="3" name="web.paytm.HomepageTest" time="5.531" errors="0" timestamp="2026-01-13T16:11:09 IST" skipped="0">
  <testcase classname="web.paytm.HomepageTest" name="verifyRechage" time="2.752"/>
  <testcase classname="web.paytm.HomepageTest" name="verifyInsurancePage" time="1.914"/>
  <testcase classname="web.paytm.HomepageTest" name="payInsurancePremium" time="0.865"/>
</testsuite> <!-- web.paytm.HomepageTest -->
