<?xml version="1.0" encoding="UTF-8"?>
<!-- Generated by org.testng.reporters.JUnitReportReporter -->
<testsuite hostname="LAPTOP-477EEVIP" failures="0" tests="3" name="web.paytm.HomepageTest" time="7.091" errors="0" timestamp="2026-01-13T22:53:07 IST" skipped="0">
  <testcase classname="web.paytm.HomepageTest" name="verifyRechage" time="3.859"/>
  <testcase classname="web.paytm.HomepageTest" name="verifyInsurancePage" time="1.869"/>
  <testcase classname="web.paytm.HomepageTest" name="payInsurancePremium" time="1.363"/>
</testsuite> <!-- web.paytm.HomepageTest -->
